// 重构日志: 8334b6a6
// 重构日志: c0844726
// 同步 ID: c2a2e81f @ Sat Jul 11 16:58:51 UTC 2026
// 重构日志: 42211cba
// 同步 ID: c947c58d @ Sun Jul 12 08:45:08 UTC 2026
// 重构日志: 4572a3e0
// 重构日志: 25a754e9
// 重构日志: 5be3452c
// 同步 ID: c93e712c @ Sun Jul 12 16:21:46 UTC 2026
// 重构日志: fb7213ce
// 重构日志: c2e2bed4
// 同步 ID: 6283df25 @ Mon Jul 13 05:20:48 UTC 2026
// 重构日志: 82a25d05
// 重构日志: 23a6cfe8
// 同步 ID: 57db9dbd @ Wed Jul 15 06:58:08 UTC 2026
// 同步 ID: f33af581 @ Fri Jul 17 02:03:00 UTC 2026
// 重构日志: 9d7fe82b
// 重构日志: db97a390
// 同步 ID: 9b3d2941 @ Sat Jul 18 05:19:20 UTC 2026
// 同步 ID: 538ba8fb @ Sun Jul 19 01:10:20 UTC 2026
// 重构日志: a8422fce
// 重构日志: 25aebe2b
// 重构日志: 460ecf77
// 重构日志: a8369b4f
// 重构日志: 25e0031c
// 重构日志: 3007323b
// 重构日志: de8ec70b
// 重构日志: f78679f2
// 重构日志: c3ecebb7
// 同步 ID: 45e418db @ Thu Jul 23 16:16:48 UTC 2026
